2025-04-04 00:14:11 DEBUG TestNG:82 - suiteXmlPath: "D:\workspaces\SeleniumWebdriver\OpenCartv121\master.xml"
2025-04-04 00:14:11 WARN  TestNGContentHandler:133 - It is strongly recommended to add "<!DOCTYPE suite SYSTEM "https://testng.org/testng-1.0.dtd" >" at the top of the suite file [D:\workspaces\SeleniumWebdriver\OpenCartv121\master.xml] otherwise TestNG may fail or not work as expected.
2025-04-04 00:14:11 INFO  Utils:112 - [TestNG] Running:
  D:\workspaces\SeleniumWebdriver\OpenCartv121\master.xml

2025-04-04 00:16:13 DEBUG TestNG:82 - suiteXmlPath: "D:\workspaces\SeleniumWebdriver\OpenCartv121\master.xml"
2025-04-04 00:16:13 WARN  TestNGContentHandler:133 - It is strongly recommended to add "<!DOCTYPE suite SYSTEM "https://testng.org/testng-1.0.dtd" >" at the top of the suite file [D:\workspaces\SeleniumWebdriver\OpenCartv121\master.xml] otherwise TestNG may fail or not work as expected.
2025-04-04 00:16:13 INFO  Utils:112 - [TestNG] Running:
  D:\workspaces\SeleniumWebdriver\OpenCartv121\master.xml

2025-04-04 00:18:56 DEBUG TestNG:82 - suiteXmlPath: "D:\workspaces\SeleniumWebdriver\OpenCartv121\master.xml"
2025-04-04 00:18:57 WARN  TestNGContentHandler:133 - It is strongly recommended to add "<!DOCTYPE suite SYSTEM "https://testng.org/testng-1.0.dtd" >" at the top of the suite file [D:\workspaces\SeleniumWebdriver\OpenCartv121\master.xml] otherwise TestNG may fail or not work as expected.
2025-04-04 00:18:57 INFO  Utils:112 - [TestNG] Running:
  D:\workspaces\SeleniumWebdriver\OpenCartv121\master.xml

2025-04-04 00:19:38 INFO  TC002_LoginTest:17 - **** Starting TC_002_LoginTest  ****
2025-04-04 00:19:38 DEBUG TC002_LoginTest:18 - capturing application debug logs....
2025-04-04 00:24:35 DEBUG TestNG:82 - suiteXmlPath: "D:\workspaces\SeleniumWebdriver\OpenCartv121\master.xml"
2025-04-04 00:24:35 WARN  TestNGContentHandler:133 - It is strongly recommended to add "<!DOCTYPE suite SYSTEM "https://testng.org/testng-1.0.dtd" >" at the top of the suite file [D:\workspaces\SeleniumWebdriver\OpenCartv121\master.xml] otherwise TestNG may fail or not work as expected.
2025-04-04 00:24:36 INFO  Utils:112 - [TestNG] Running:
  D:\workspaces\SeleniumWebdriver\OpenCartv121\master.xml

2025-04-04 00:24:38 INFO  TC001_AccountRegistrationTest:17 - ***** Starting TC001_AccountRegistrationTest  ****
2025-04-04 00:24:38 DEBUG TC001_AccountRegistrationTest:18 - This is a debug log message
2025-04-04 00:24:48 INFO  TC001_AccountRegistrationTest:68 - ***** Finished TC001_AccountRegistrationTest *****
2025-04-04 00:24:50 INFO  TC002_LoginTest:17 - **** Starting TC_002_LoginTest  ****
2025-04-04 00:24:50 DEBUG TC002_LoginTest:18 - capturing application debug logs....
2025-04-04 18:46:24 DEBUG TestNG:82 - suiteXmlPath: "D:\workspaces\SeleniumWebdriver\OpenCartv121\master.xml"
2025-04-04 18:46:24 WARN  TestNGContentHandler:133 - It is strongly recommended to add "<!DOCTYPE suite SYSTEM "https://testng.org/testng-1.0.dtd" >" at the top of the suite file [D:\workspaces\SeleniumWebdriver\OpenCartv121\master.xml] otherwise TestNG may fail or not work as expected.
2025-04-04 18:46:24 INFO  Utils:112 - [TestNG] Running:
  D:\workspaces\SeleniumWebdriver\OpenCartv121\master.xml

2025-04-04 18:46:28 INFO  TC001_AccountRegistrationTest:17 - ***** Starting TC001_AccountRegistrationTest  ****
2025-04-04 18:46:28 DEBUG TC001_AccountRegistrationTest:18 - This is a debug log message
2025-04-04 18:46:33 INFO  TC001_AccountRegistrationTest:68 - ***** Finished TC001_AccountRegistrationTest *****
2025-04-04 18:47:12 DEBUG TestNG:82 - suiteXmlPath: "D:\workspaces\SeleniumWebdriver\OpenCartv121\master.xml"
2025-04-04 18:47:12 WARN  TestNGContentHandler:133 - It is strongly recommended to add "<!DOCTYPE suite SYSTEM "https://testng.org/testng-1.0.dtd" >" at the top of the suite file [D:\workspaces\SeleniumWebdriver\OpenCartv121\master.xml] otherwise TestNG may fail or not work as expected.
2025-04-04 18:47:13 INFO  Utils:112 - [TestNG] Running:
  D:\workspaces\SeleniumWebdriver\OpenCartv121\master.xml

2025-04-04 18:47:16 INFO  TC001_AccountRegistrationTest:17 - ***** Starting TC001_AccountRegistrationTest  ****
2025-04-04 18:47:16 DEBUG TC001_AccountRegistrationTest:18 - This is a debug log message
2025-04-04 18:47:16 INFO  TC001_AccountRegistrationTest:23 - Clicked on MyAccount Link.. 
2025-04-04 18:47:17 INFO  TC001_AccountRegistrationTest:26 - Clicked on Register Link.. 
2025-04-04 18:47:17 INFO  TC001_AccountRegistrationTest:30 - Providing customer details...
2025-04-04 18:47:19 INFO  TC001_AccountRegistrationTest:44 - Validating expected message..
2025-04-04 18:47:19 ERROR TC001_AccountRegistrationTest:54 - Test failed: 
2025-04-04 18:47:19 DEBUG TC001_AccountRegistrationTest:55 - Debug logs
2025-04-04 18:47:19 INFO  TC001_AccountRegistrationTest:59 - Test passed
2025-04-04 18:47:19 INFO  TC001_AccountRegistrationTest:68 - ***** Finished TC001_AccountRegistrationTest *****
2025-04-04 18:47:23 INFO  TC002_LoginTest:17 - **** Starting TC_002_LoginTest  ****
2025-04-04 18:47:23 DEBUG TC002_LoginTest:18 - capturing application debug logs....
2025-04-04 18:47:23 INFO  TC002_LoginTest:24 - clicked on myaccount link on the home page..
2025-04-04 18:47:23 INFO  TC002_LoginTest:26 - clicked on login link under myaccount..
2025-04-04 18:47:23 INFO  TC002_LoginTest:30 - Entering valid email and password..
2025-04-04 18:47:24 INFO  TC002_LoginTest:34 - clicked on ligin button..
2025-04-04 18:47:25 INFO  TC002_LoginTest:48 - **** Finished TC_002_LoginTest  ****
2025-04-04 18:49:08 DEBUG TestNG:82 - suiteXmlPath: "D:\workspaces\SeleniumWebdriver\OpenCartv121\master.xml"
2025-04-04 18:49:08 WARN  TestNGContentHandler:133 - It is strongly recommended to add "<!DOCTYPE suite SYSTEM "https://testng.org/testng-1.0.dtd" >" at the top of the suite file [D:\workspaces\SeleniumWebdriver\OpenCartv121\master.xml] otherwise TestNG may fail or not work as expected.
2025-04-04 18:49:08 INFO  Utils:112 - [TestNG] Running:
  D:\workspaces\SeleniumWebdriver\OpenCartv121\master.xml

2025-04-04 19:11:51 DEBUG TestNG:82 - suiteXmlPath: "D:\workspaces\SeleniumWebdriver\OpenCartv121\grid-docker.xml"
2025-04-04 19:11:51 WARN  TestNGContentHandler:133 - It is strongly recommended to add "<!DOCTYPE suite SYSTEM "https://testng.org/testng-1.0.dtd" >" at the top of the suite file [D:\workspaces\SeleniumWebdriver\OpenCartv121\grid-docker.xml] otherwise TestNG may fail or not work as expected.
2025-04-04 19:11:51 INFO  Utils:112 - [TestNG] Running:
  D:\workspaces\SeleniumWebdriver\OpenCartv121\grid-docker.xml

2025-04-04 19:11:57 INFO  TC001_AccountRegistrationTest:17 - ***** Starting TC001_AccountRegistrationTest  ****
2025-04-04 19:11:57 DEBUG TC001_AccountRegistrationTest:18 - This is a debug log message
2025-04-04 19:11:57 INFO  TC001_AccountRegistrationTest:23 - Clicked on MyAccount Link.. 
2025-04-04 19:11:58 INFO  TC001_AccountRegistrationTest:26 - Clicked on Register Link.. 
2025-04-04 19:11:58 INFO  TC001_AccountRegistrationTest:30 - Providing customer details...
2025-04-04 19:12:00 INFO  TC001_AccountRegistrationTest:44 - Validating expected message..
2025-04-04 19:12:00 ERROR TC001_AccountRegistrationTest:54 - Test failed: 
2025-04-04 19:12:00 DEBUG TC001_AccountRegistrationTest:55 - Debug logs
2025-04-04 19:12:00 INFO  TC001_AccountRegistrationTest:59 - Test passed
2025-04-04 19:12:00 INFO  TC001_AccountRegistrationTest:68 - ***** Finished TC001_AccountRegistrationTest *****
2025-04-04 19:12:03 INFO  TC002_LoginTest:17 - **** Starting TC_002_LoginTest  ****
2025-04-04 19:12:03 DEBUG TC002_LoginTest:18 - capturing application debug logs....
2025-04-04 19:12:03 INFO  TC002_LoginTest:24 - clicked on myaccount link on the home page..
2025-04-04 19:12:04 INFO  TC002_LoginTest:26 - clicked on login link under myaccount..
2025-04-04 19:12:04 INFO  TC002_LoginTest:30 - Entering valid email and password..
2025-04-04 19:12:06 INFO  TC002_LoginTest:34 - clicked on ligin button..
2025-04-04 19:12:06 INFO  TC002_LoginTest:48 - **** Finished TC_002_LoginTest  ****
2025-04-04 19:12:16 INFO  TC001_AccountRegistrationTest:17 - ***** Starting TC001_AccountRegistrationTest  ****
2025-04-04 19:12:16 DEBUG TC001_AccountRegistrationTest:18 - This is a debug log message
2025-04-04 19:12:17 INFO  TC001_AccountRegistrationTest:23 - Clicked on MyAccount Link.. 
2025-04-04 19:12:18 INFO  TC001_AccountRegistrationTest:26 - Clicked on Register Link.. 
2025-04-04 19:12:18 INFO  TC001_AccountRegistrationTest:30 - Providing customer details...
2025-04-04 19:12:20 INFO  TC001_AccountRegistrationTest:44 - Validating expected message..
2025-04-04 19:12:20 ERROR TC001_AccountRegistrationTest:54 - Test failed: 
2025-04-04 19:12:20 DEBUG TC001_AccountRegistrationTest:55 - Debug logs
2025-04-04 19:12:20 INFO  TC001_AccountRegistrationTest:59 - Test passed
2025-04-04 19:12:20 INFO  TC001_AccountRegistrationTest:68 - ***** Finished TC001_AccountRegistrationTest *****
2025-04-04 19:12:27 INFO  TC002_LoginTest:17 - **** Starting TC_002_LoginTest  ****
2025-04-04 19:12:27 DEBUG TC002_LoginTest:18 - capturing application debug logs....
2025-04-04 19:12:27 INFO  TC002_LoginTest:24 - clicked on myaccount link on the home page..
2025-04-04 19:12:28 INFO  TC002_LoginTest:26 - clicked on login link under myaccount..
2025-04-04 19:12:28 INFO  TC002_LoginTest:30 - Entering valid email and password..
2025-04-04 19:12:29 INFO  TC002_LoginTest:34 - clicked on ligin button..
2025-04-04 19:12:29 INFO  TC002_LoginTest:48 - **** Finished TC_002_LoginTest  ****
2025-04-04 19:13:43 DEBUG TestNG:82 - suiteXmlPath: "D:\workspaces\SeleniumWebdriver\OpenCartv121\grid-docker.xml"
2025-04-04 19:13:43 WARN  TestNGContentHandler:133 - It is strongly recommended to add "<!DOCTYPE suite SYSTEM "https://testng.org/testng-1.0.dtd" >" at the top of the suite file [D:\workspaces\SeleniumWebdriver\OpenCartv121\grid-docker.xml] otherwise TestNG may fail or not work as expected.
2025-04-04 19:13:44 INFO  Utils:112 - [TestNG] Running:
  D:\workspaces\SeleniumWebdriver\OpenCartv121\grid-docker.xml

2025-04-04 19:13:49 INFO  TC001_AccountRegistrationTest:17 - ***** Starting TC001_AccountRegistrationTest  ****
2025-04-04 19:13:49 DEBUG TC001_AccountRegistrationTest:18 - This is a debug log message
2025-04-04 19:13:50 INFO  TC001_AccountRegistrationTest:23 - Clicked on MyAccount Link.. 
2025-04-04 19:13:50 INFO  TC001_AccountRegistrationTest:26 - Clicked on Register Link.. 
2025-04-04 19:13:50 INFO  TC001_AccountRegistrationTest:30 - Providing customer details...
2025-04-04 19:13:52 INFO  TC001_AccountRegistrationTest:44 - Validating expected message..
2025-04-04 19:13:52 ERROR TC001_AccountRegistrationTest:54 - Test failed: 
2025-04-04 19:13:52 DEBUG TC001_AccountRegistrationTest:55 - Debug logs
2025-04-04 19:13:52 INFO  TC001_AccountRegistrationTest:59 - Test passed
2025-04-04 19:13:52 INFO  TC001_AccountRegistrationTest:68 - ***** Finished TC001_AccountRegistrationTest *****
2025-04-04 19:13:58 INFO  TC002_LoginTest:17 - **** Starting TC_002_LoginTest  ****
2025-04-04 19:13:58 DEBUG TC002_LoginTest:18 - capturing application debug logs....
2025-04-04 19:13:58 INFO  TC002_LoginTest:24 - clicked on myaccount link on the home page..
2025-04-04 19:13:59 INFO  TC002_LoginTest:26 - clicked on login link under myaccount..
2025-04-04 19:13:59 INFO  TC002_LoginTest:30 - Entering valid email and password..
2025-04-04 19:14:00 INFO  TC002_LoginTest:34 - clicked on ligin button..
2025-04-04 19:14:00 INFO  TC002_LoginTest:48 - **** Finished TC_002_LoginTest  ****
2025-04-04 19:15:08 DEBUG TestNG:82 - suiteXmlPath: "D:\workspaces\SeleniumWebdriver\OpenCartv121\grid-docker.xml"
2025-04-04 19:15:08 WARN  TestNGContentHandler:133 - It is strongly recommended to add "<!DOCTYPE suite SYSTEM "https://testng.org/testng-1.0.dtd" >" at the top of the suite file [D:\workspaces\SeleniumWebdriver\OpenCartv121\grid-docker.xml] otherwise TestNG may fail or not work as expected.
2025-04-04 19:15:09 INFO  Utils:112 - [TestNG] Running:
  D:\workspaces\SeleniumWebdriver\OpenCartv121\grid-docker.xml

2025-04-04 19:15:13 INFO  TC001_AccountRegistrationTest:17 - ***** Starting TC001_AccountRegistrationTest  ****
2025-04-04 19:15:13 DEBUG TC001_AccountRegistrationTest:18 - This is a debug log message
2025-04-04 19:15:13 INFO  TC001_AccountRegistrationTest:23 - Clicked on MyAccount Link.. 
2025-04-04 19:15:14 INFO  TC001_AccountRegistrationTest:26 - Clicked on Register Link.. 
2025-04-04 19:15:14 INFO  TC001_AccountRegistrationTest:30 - Providing customer details...
2025-04-04 19:15:16 INFO  TC001_AccountRegistrationTest:44 - Validating expected message..
2025-04-04 19:15:17 ERROR TC001_AccountRegistrationTest:54 - Test failed: 
2025-04-04 19:15:17 DEBUG TC001_AccountRegistrationTest:55 - Debug logs
2025-04-04 19:15:17 INFO  TC001_AccountRegistrationTest:59 - Test passed
2025-04-04 19:15:17 INFO  TC001_AccountRegistrationTest:68 - ***** Finished TC001_AccountRegistrationTest *****
2025-04-04 19:15:19 INFO  TC002_LoginTest:17 - **** Starting TC_002_LoginTest  ****
2025-04-04 19:15:19 DEBUG TC002_LoginTest:18 - capturing application debug logs....
2025-04-04 19:15:19 INFO  TC002_LoginTest:24 - clicked on myaccount link on the home page..
2025-04-04 19:15:20 INFO  TC002_LoginTest:26 - clicked on login link under myaccount..
2025-04-04 19:15:20 INFO  TC002_LoginTest:30 - Entering valid email and password..
2025-04-04 19:15:21 INFO  TC002_LoginTest:34 - clicked on ligin button..
2025-04-04 19:15:21 INFO  TC002_LoginTest:48 - **** Finished TC_002_LoginTest  ****
2025-04-04 19:15:29 INFO  TC001_AccountRegistrationTest:17 - ***** Starting TC001_AccountRegistrationTest  ****
2025-04-04 19:15:29 DEBUG TC001_AccountRegistrationTest:18 - This is a debug log message
2025-04-04 19:15:29 INFO  TC001_AccountRegistrationTest:23 - Clicked on MyAccount Link.. 
2025-04-04 19:15:30 INFO  TC001_AccountRegistrationTest:26 - Clicked on Register Link.. 
2025-04-04 19:15:30 INFO  TC001_AccountRegistrationTest:30 - Providing customer details...
2025-04-04 19:15:32 INFO  TC001_AccountRegistrationTest:44 - Validating expected message..
2025-04-04 19:15:32 ERROR TC001_AccountRegistrationTest:54 - Test failed: 
2025-04-04 19:15:32 DEBUG TC001_AccountRegistrationTest:55 - Debug logs
2025-04-04 19:15:32 INFO  TC001_AccountRegistrationTest:59 - Test passed
2025-04-04 19:15:32 INFO  TC001_AccountRegistrationTest:68 - ***** Finished TC001_AccountRegistrationTest *****
2025-04-04 19:15:39 INFO  TC002_LoginTest:17 - **** Starting TC_002_LoginTest  ****
2025-04-04 19:15:39 DEBUG TC002_LoginTest:18 - capturing application debug logs....
2025-04-04 19:15:39 INFO  TC002_LoginTest:24 - clicked on myaccount link on the home page..
2025-04-04 19:15:40 INFO  TC002_LoginTest:26 - clicked on login link under myaccount..
2025-04-04 19:15:40 INFO  TC002_LoginTest:30 - Entering valid email and password..
2025-04-04 19:15:41 INFO  TC002_LoginTest:34 - clicked on ligin button..
2025-04-04 19:15:41 INFO  TC002_LoginTest:48 - **** Finished TC_002_LoginTest  ****
2025-04-04 19:29:04 DEBUG TestNG:82 - suiteXmlPath: "D:\workspaces\SeleniumWebdriver\OpenCartv121\docker-compose.yaml"
2025-04-04 19:30:20 DEBUG TestNG:82 - suiteXmlPath: "D:\workspaces\SeleniumWebdriver\OpenCartv121\grid-docker.xml"
2025-04-04 19:30:20 WARN  TestNGContentHandler:133 - It is strongly recommended to add "<!DOCTYPE suite SYSTEM "https://testng.org/testng-1.0.dtd" >" at the top of the suite file [D:\workspaces\SeleniumWebdriver\OpenCartv121\grid-docker.xml] otherwise TestNG may fail or not work as expected.
2025-04-04 19:30:20 INFO  Utils:112 - [TestNG] Running:
  D:\workspaces\SeleniumWebdriver\OpenCartv121\grid-docker.xml

2025-04-04 19:30:26 INFO  TC001_AccountRegistrationTest:17 - ***** Starting TC001_AccountRegistrationTest  ****
2025-04-04 19:30:26 DEBUG TC001_AccountRegistrationTest:18 - This is a debug log message
2025-04-04 19:30:26 INFO  TC001_AccountRegistrationTest:23 - Clicked on MyAccount Link.. 
2025-04-04 19:30:27 INFO  TC001_AccountRegistrationTest:26 - Clicked on Register Link.. 
2025-04-04 19:30:27 INFO  TC001_AccountRegistrationTest:30 - Providing customer details...
2025-04-04 19:30:30 INFO  TC001_AccountRegistrationTest:44 - Validating expected message..
2025-04-04 19:30:30 ERROR TC001_AccountRegistrationTest:54 - Test failed: 
2025-04-04 19:30:30 DEBUG TC001_AccountRegistrationTest:55 - Debug logs
2025-04-04 19:30:30 INFO  TC001_AccountRegistrationTest:59 - Test passed
2025-04-04 19:30:30 INFO  TC001_AccountRegistrationTest:68 - ***** Finished TC001_AccountRegistrationTest *****
2025-04-04 19:30:32 INFO  TC002_LoginTest:17 - **** Starting TC_002_LoginTest  ****
2025-04-04 19:30:32 DEBUG TC002_LoginTest:18 - capturing application debug logs....
2025-04-04 19:30:32 INFO  TC002_LoginTest:24 - clicked on myaccount link on the home page..
2025-04-04 19:30:33 INFO  TC002_LoginTest:26 - clicked on login link under myaccount..
2025-04-04 19:30:33 INFO  TC002_LoginTest:30 - Entering valid email and password..
2025-04-04 19:30:35 INFO  TC002_LoginTest:34 - clicked on ligin button..
2025-04-04 19:30:35 INFO  TC002_LoginTest:48 - **** Finished TC_002_LoginTest  ****
2025-04-04 19:30:43 INFO  TC001_AccountRegistrationTest:17 - ***** Starting TC001_AccountRegistrationTest  ****
2025-04-04 19:30:43 DEBUG TC001_AccountRegistrationTest:18 - This is a debug log message
2025-04-04 19:30:44 INFO  TC001_AccountRegistrationTest:23 - Clicked on MyAccount Link.. 
2025-04-04 19:30:45 INFO  TC001_AccountRegistrationTest:26 - Clicked on Register Link.. 
2025-04-04 19:30:45 INFO  TC001_AccountRegistrationTest:30 - Providing customer details...
2025-04-04 19:30:46 INFO  TC001_AccountRegistrationTest:44 - Validating expected message..
2025-04-04 19:30:47 ERROR TC001_AccountRegistrationTest:54 - Test failed: 
2025-04-04 19:30:47 DEBUG TC001_AccountRegistrationTest:55 - Debug logs
2025-04-04 19:30:47 INFO  TC001_AccountRegistrationTest:59 - Test passed
2025-04-04 19:30:47 INFO  TC001_AccountRegistrationTest:68 - ***** Finished TC001_AccountRegistrationTest *****
2025-04-04 19:30:53 INFO  TC002_LoginTest:17 - **** Starting TC_002_LoginTest  ****
2025-04-04 19:30:53 DEBUG TC002_LoginTest:18 - capturing application debug logs....
2025-04-04 19:30:53 INFO  TC002_LoginTest:24 - clicked on myaccount link on the home page..
2025-04-04 19:30:54 INFO  TC002_LoginTest:26 - clicked on login link under myaccount..
2025-04-04 19:30:54 INFO  TC002_LoginTest:30 - Entering valid email and password..
2025-04-04 19:30:55 INFO  TC002_LoginTest:34 - clicked on ligin button..
2025-04-04 19:30:55 INFO  TC002_LoginTest:48 - **** Finished TC_002_LoginTest  ****
2025-04-04 19:31:17 DEBUG TestNG:82 - suiteXmlPath: "D:\workspaces\SeleniumWebdriver\OpenCartv121\grid-docker.xml"
2025-04-04 19:31:17 WARN  TestNGContentHandler:133 - It is strongly recommended to add "<!DOCTYPE suite SYSTEM "https://testng.org/testng-1.0.dtd" >" at the top of the suite file [D:\workspaces\SeleniumWebdriver\OpenCartv121\grid-docker.xml] otherwise TestNG may fail or not work as expected.
2025-04-04 19:31:17 INFO  Utils:112 - [TestNG] Running:
  D:\workspaces\SeleniumWebdriver\OpenCartv121\grid-docker.xml

2025-04-04 19:31:20 INFO  TC001_AccountRegistrationTest:17 - ***** Starting TC001_AccountRegistrationTest  ****
2025-04-04 19:31:20 DEBUG TC001_AccountRegistrationTest:18 - This is a debug log message
2025-04-04 19:31:20 INFO  TC001_AccountRegistrationTest:23 - Clicked on MyAccount Link.. 
2025-04-04 19:31:21 INFO  TC001_AccountRegistrationTest:26 - Clicked on Register Link.. 
2025-04-04 19:31:21 INFO  TC001_AccountRegistrationTest:30 - Providing customer details...
2025-04-04 19:31:24 INFO  TC001_AccountRegistrationTest:44 - Validating expected message..
2025-04-04 19:31:24 ERROR TC001_AccountRegistrationTest:54 - Test failed: 
2025-04-04 19:31:24 DEBUG TC001_AccountRegistrationTest:55 - Debug logs
2025-04-04 19:31:24 INFO  TC001_AccountRegistrationTest:59 - Test passed
2025-04-04 19:31:24 INFO  TC001_AccountRegistrationTest:68 - ***** Finished TC001_AccountRegistrationTest *****
2025-04-04 19:31:27 INFO  TC002_LoginTest:17 - **** Starting TC_002_LoginTest  ****
2025-04-04 19:31:27 DEBUG TC002_LoginTest:18 - capturing application debug logs....
2025-04-04 19:31:27 INFO  TC002_LoginTest:24 - clicked on myaccount link on the home page..
2025-04-04 19:31:28 INFO  TC002_LoginTest:26 - clicked on login link under myaccount..
2025-04-04 19:31:28 INFO  TC002_LoginTest:30 - Entering valid email and password..
2025-04-04 19:31:30 INFO  TC002_LoginTest:34 - clicked on ligin button..
2025-04-04 19:31:30 INFO  TC002_LoginTest:48 - **** Finished TC_002_LoginTest  ****
2025-04-04 19:31:38 INFO  TC001_AccountRegistrationTest:17 - ***** Starting TC001_AccountRegistrationTest  ****
2025-04-04 19:31:38 DEBUG TC001_AccountRegistrationTest:18 - This is a debug log message
2025-04-04 19:31:39 INFO  TC001_AccountRegistrationTest:23 - Clicked on MyAccount Link.. 
2025-04-04 19:31:40 INFO  TC001_AccountRegistrationTest:26 - Clicked on Register Link.. 
2025-04-04 19:31:40 INFO  TC001_AccountRegistrationTest:30 - Providing customer details...
2025-04-04 19:31:41 INFO  TC001_AccountRegistrationTest:44 - Validating expected message..
2025-04-04 19:31:41 ERROR TC001_AccountRegistrationTest:54 - Test failed: 
2025-04-04 19:31:41 DEBUG TC001_AccountRegistrationTest:55 - Debug logs
2025-04-04 19:31:41 INFO  TC001_AccountRegistrationTest:59 - Test passed
2025-04-04 19:31:41 INFO  TC001_AccountRegistrationTest:68 - ***** Finished TC001_AccountRegistrationTest *****
2025-04-04 19:31:51 INFO  TC002_LoginTest:17 - **** Starting TC_002_LoginTest  ****
2025-04-04 19:31:51 DEBUG TC002_LoginTest:18 - capturing application debug logs....
2025-04-04 19:31:51 INFO  TC002_LoginTest:24 - clicked on myaccount link on the home page..
2025-04-04 19:31:52 INFO  TC002_LoginTest:26 - clicked on login link under myaccount..
2025-04-04 19:31:52 INFO  TC002_LoginTest:30 - Entering valid email and password..
2025-04-04 19:31:53 INFO  TC002_LoginTest:34 - clicked on ligin button..
2025-04-04 19:31:53 INFO  TC002_LoginTest:48 - **** Finished TC_002_LoginTest  ****
2025-04-04 19:59:21 DEBUG TestNG:82 - suiteXmlPath: "D:\workspaces\SeleniumWebdriver\OpenCartv121\master.xml"
2025-04-04 19:59:21 WARN  TestNGContentHandler:133 - It is strongly recommended to add "<!DOCTYPE suite SYSTEM "https://testng.org/testng-1.0.dtd" >" at the top of the suite file [D:\workspaces\SeleniumWebdriver\OpenCartv121\master.xml] otherwise TestNG may fail or not work as expected.
2025-04-04 20:03:36 DEBUG TestNG:82 - suiteXmlPath: "D:\workspaces\SeleniumWebdriver\OpenCartv121\master.xml"
2025-04-04 20:03:36 WARN  TestNGContentHandler:133 - It is strongly recommended to add "<!DOCTYPE suite SYSTEM "https://testng.org/testng-1.0.dtd" >" at the top of the suite file [D:\workspaces\SeleniumWebdriver\OpenCartv121\master.xml] otherwise TestNG may fail or not work as expected.
2025-04-04 20:10:25 DEBUG TestNG:82 - suiteXmlPath: "D:\workspaces\SeleniumWebdriver\OpenCartv121\master.xml"
2025-04-04 20:10:25 WARN  TestNGContentHandler:133 - It is strongly recommended to add "<!DOCTYPE suite SYSTEM "https://testng.org/testng-1.0.dtd" >" at the top of the suite file [D:\workspaces\SeleniumWebdriver\OpenCartv121\master.xml] otherwise TestNG may fail or not work as expected.
2025-04-04 20:11:56 DEBUG TestNG:82 - suiteXmlPath: "D:\workspaces\SeleniumWebdriver\OpenCartv121\master.xml"
2025-04-04 20:11:56 WARN  TestNGContentHandler:133 - It is strongly recommended to add "<!DOCTYPE suite SYSTEM "https://testng.org/testng-1.0.dtd" >" at the top of the suite file [D:\workspaces\SeleniumWebdriver\OpenCartv121\master.xml] otherwise TestNG may fail or not work as expected.
2025-04-04 20:12:01 INFO  TC001_AccountRegistrationTest:17 - ***** Starting TC001_AccountRegistrationTest  ****
2025-04-04 20:12:01 DEBUG TC001_AccountRegistrationTest:18 - This is a debug log message
2025-04-04 20:12:01 INFO  TC001_AccountRegistrationTest:23 - Clicked on MyAccount Link.. 
2025-04-04 20:12:02 INFO  TC001_AccountRegistrationTest:26 - Clicked on Register Link.. 
2025-04-04 20:12:02 INFO  TC001_AccountRegistrationTest:30 - Providing customer details...
2025-04-04 20:12:05 INFO  TC001_AccountRegistrationTest:44 - Validating expected message..
2025-04-04 20:12:05 ERROR TC001_AccountRegistrationTest:54 - Test failed: 
2025-04-04 20:12:05 DEBUG TC001_AccountRegistrationTest:55 - Debug logs
2025-04-04 20:12:05 INFO  TC001_AccountRegistrationTest:59 - Test passed
2025-04-04 20:12:05 INFO  TC001_AccountRegistrationTest:68 - ***** Finished TC001_AccountRegistrationTest *****
2025-04-04 20:12:08 INFO  TC002_LoginTest:17 - **** Starting TC_002_LoginTest  ****
2025-04-04 20:12:08 DEBUG TC002_LoginTest:18 - capturing application debug logs....
2025-04-04 20:12:08 INFO  TC002_LoginTest:24 - clicked on myaccount link on the home page..
2025-04-04 20:12:08 INFO  TC002_LoginTest:26 - clicked on login link under myaccount..
2025-04-04 20:12:08 INFO  TC002_LoginTest:30 - Entering valid email and password..
2025-04-04 20:12:09 INFO  TC002_LoginTest:34 - clicked on ligin button..
2025-04-04 20:12:09 INFO  TC002_LoginTest:48 - **** Finished TC_002_LoginTest  ****
2025-04-04 20:18:15 DEBUG TestNG:82 - suiteXmlPath: "D:\workspaces\SeleniumWebdriver\OpenCartv121\master.xml"
2025-04-04 20:18:15 WARN  TestNGContentHandler:133 - It is strongly recommended to add "<!DOCTYPE suite SYSTEM "https://testng.org/testng-1.0.dtd" >" at the top of the suite file [D:\workspaces\SeleniumWebdriver\OpenCartv121\master.xml] otherwise TestNG may fail or not work as expected.
2025-04-04 20:18:21 INFO  TC001_AccountRegistrationTest:17 - ***** Starting TC001_AccountRegistrationTest  ****
2025-04-04 20:18:21 DEBUG TC001_AccountRegistrationTest:18 - This is a debug log message
2025-04-04 20:18:21 INFO  TC001_AccountRegistrationTest:23 - Clicked on MyAccount Link.. 
2025-04-04 20:18:22 INFO  TC001_AccountRegistrationTest:26 - Clicked on Register Link.. 
2025-04-04 20:18:22 INFO  TC001_AccountRegistrationTest:30 - Providing customer details...
2025-04-04 20:18:24 INFO  TC001_AccountRegistrationTest:44 - Validating expected message..
2025-04-04 20:18:24 ERROR TC001_AccountRegistrationTest:54 - Test failed: 
2025-04-04 20:18:24 DEBUG TC001_AccountRegistrationTest:55 - Debug logs
2025-04-04 20:18:24 INFO  TC001_AccountRegistrationTest:59 - Test passed
2025-04-04 20:18:24 INFO  TC001_AccountRegistrationTest:68 - ***** Finished TC001_AccountRegistrationTest *****
2025-04-04 20:18:28 INFO  TC002_LoginTest:17 - **** Starting TC_002_LoginTest  ****
2025-04-04 20:18:28 DEBUG TC002_LoginTest:18 - capturing application debug logs....
2025-04-04 20:18:28 INFO  TC002_LoginTest:24 - clicked on myaccount link on the home page..
2025-04-04 20:18:28 INFO  TC002_LoginTest:26 - clicked on login link under myaccount..
2025-04-04 20:18:28 INFO  TC002_LoginTest:30 - Entering valid email and password..
2025-04-04 20:18:30 INFO  TC002_LoginTest:34 - clicked on ligin button..
2025-04-04 20:18:30 INFO  TC002_LoginTest:48 - **** Finished TC_002_LoginTest  ****
2025-04-04 20:26:38 DEBUG TestNG:82 - suiteXmlPath: "D:\workspaces\SeleniumWebdriver\OpenCartv121\master.xml"
2025-04-04 20:26:38 WARN  TestNGContentHandler:133 - It is strongly recommended to add "<!DOCTYPE suite SYSTEM "https://testng.org/testng-1.0.dtd" >" at the top of the suite file [D:\workspaces\SeleniumWebdriver\OpenCartv121\master.xml] otherwise TestNG may fail or not work as expected.
2025-04-04 20:26:43 INFO  TC001_AccountRegistrationTest:17 - ***** Starting TC001_AccountRegistrationTest  ****
2025-04-04 20:26:43 DEBUG TC001_AccountRegistrationTest:18 - This is a debug log message
2025-04-04 20:26:43 INFO  TC001_AccountRegistrationTest:23 - Clicked on MyAccount Link.. 
2025-04-04 20:26:44 INFO  TC001_AccountRegistrationTest:26 - Clicked on Register Link.. 
2025-04-04 20:26:44 INFO  TC001_AccountRegistrationTest:30 - Providing customer details...
2025-04-04 20:26:46 INFO  TC001_AccountRegistrationTest:44 - Validating expected message..
2025-04-04 20:26:46 ERROR TC001_AccountRegistrationTest:54 - Test failed: 
2025-04-04 20:26:46 DEBUG TC001_AccountRegistrationTest:55 - Debug logs
2025-04-04 20:26:46 INFO  TC001_AccountRegistrationTest:59 - Test passed
2025-04-04 20:26:46 INFO  TC001_AccountRegistrationTest:68 - ***** Finished TC001_AccountRegistrationTest *****
2025-04-04 20:26:50 INFO  TC002_LoginTest:17 - **** Starting TC_002_LoginTest  ****
2025-04-04 20:26:50 DEBUG TC002_LoginTest:18 - capturing application debug logs....
2025-04-04 20:26:50 INFO  TC002_LoginTest:24 - clicked on myaccount link on the home page..
2025-04-04 20:26:50 INFO  TC002_LoginTest:26 - clicked on login link under myaccount..
2025-04-04 20:26:50 INFO  TC002_LoginTest:30 - Entering valid email and password..
2025-04-04 20:26:51 INFO  TC002_LoginTest:34 - clicked on ligin button..
2025-04-04 20:26:52 INFO  TC002_LoginTest:48 - **** Finished TC_002_LoginTest  ****
